# JRE version: Java(TM) SE Runtime Environment (18.0.2.1+1) (build 18.0.2.1+1-1)
# Java VM: Java HotSpot(TM) 64-Bit Server VM (18.0.2.1+1-1, mixed mode, sharing, tiered, compressed oops, compressed class ptrs, g1 gc, windows-amd64)
GC Precious Log:
 CardTable entry size: 512
 Card Set container configuration: InlinePtr #cards 4 size 8 Array Of Cards #cards 16 size 48 Howl #buckets 8 coarsen threshold 3686 Howl Bitmap #cards 512 size 80 coarsen threshold 460 Card regions per heap region 1 cards per card region 4096
 CPUs: 6 total, 6 available
 Memory: 16326M
 Large Page Support: Disabled
 NUMA Support: Disabled
 Compressed Oops: Enabled (Zero based)
 Heap Region Size: 2M
 Heap Min Capacity: 8M
 Heap Initial Capacity: 256M
 Heap Max Capacity: 4082M
 Pre-touch: Disabled
 Parallel Workers: 6
 Concurrent Workers: 2
 Concurrent Refinement Workers: 6
 Periodic GC: Disabled
Heap:
 garbage-first heap   total 69632K, used 44961K [0x0000000700e00000, 0x0000000800000000)
  region size 2048K, 16 young (32768K), 1 survivors (2048K)
 Metaspace       used 42437K, committed 42944K, reserved 1114112K
  class space    used 5110K, committed 5376K, reserved 1048576K
GC Heap History (18 events):
Event: 0.372 GC heap before
{Heap before GC invocations=0 (full 0):
 garbage-first heap   total 262144K, used 20480K [0x0000000700e00000, 0x0000000800000000)
  region size 2048K, 10 young (20480K), 0 survivors (0K)
 Metaspace       used 4999K, committed 5120K, reserved 1114112K
  class space    used 458K, committed 512K, reserved 1048576K
}
Event: 0.374 GC heap after
{Heap after GC invocations=1 (full 0):
 garbage-first heap   total 262144K, used 4736K [0x0000000700e00000, 0x0000000800000000)
  region size 2048K, 2 young (4096K), 2 survivors (4096K)
 Metaspace       used 4999K, committed 5120K, reserved 1114112K
  class space    used 458K, committed 512K, reserved 1048576K
}
Event: 0.568 GC heap before
{Heap before GC invocations=1 (full 0):
 garbage-first heap   total 262144K, used 29312K [0x0000000700e00000, 0x0000000800000000)
  region size 2048K, 14 young (28672K), 2 survivors (4096K)
 Metaspace       used 8101K, committed 8320K, reserved 1114112K
  class space    used 856K, committed 960K, reserved 1048576K
}
Event: 0.570 GC heap after
{Heap after GC invocations=2 (full 0):
 garbage-first heap   total 262144K, used 5694K [0x0000000700e00000, 0x0000000800000000)
  region size 2048K, 1 young (2048K), 1 survivors (2048K)
 Metaspace       used 8101K, committed 8320K, reserved 1114112K
  class space    used 856K, committed 960K, reserved 1048576K
}
Event: 1.455 GC heap before
{Heap before GC invocations=2 (full 0):
 garbage-first heap   total 262144K, used 155198K [0x0000000700e00000, 0x0000000800000000)
  region size 2048K, 75 young (153600K), 1 survivors (2048K)
 Metaspace       used 21230K, committed 21504K, reserved 1114112K
  class space    used 2476K, committed 2624K, reserved 1048576K
}
Event: 1.459 GC heap after
{Heap after GC invocations=3 (full 0):
 garbage-first heap   total 262144K, used 9792K [0x0000000700e00000, 0x0000000800000000)
  region size 2048K, 3 young (6144K), 3 survivors (6144K)
 Metaspace       used 21230K, committed 21504K, reserved 1114112K
  class space    used 2476K, committed 2624K, reserved 1048576K
}
Event: 1.789 GC heap before
{Heap before GC invocations=4 (full 0):
 garbage-first heap   total 49152K, used 44608K [0x0000000700e00000, 0x0000000800000000)
  region size 2048K, 20 young (40960K), 3 survivors (6144K)
 Metaspace       used 24926K, committed 25344K, reserved 1114112K
  class space    used 3019K, committed 3200K, reserved 1048576K
}
Event: 1.794 GC heap after
{Heap after GC invocations=5 (full 0):
 garbage-first heap   total 57344K, used 12006K [0x0000000700e00000, 0x0000000800000000)
  region size 2048K, 2 young (4096K), 2 survivors (4096K)
 Metaspace       used 24926K, committed 25344K, reserved 1114112K
  class space    used 3019K, committed 3200K, reserved 1048576K
}
Event: 1.804 GC heap before
{Heap before GC invocations=5 (full 0):
 garbage-first heap   total 57344K, used 14054K [0x0000000700e00000, 0x0000000800000000)
  region size 2048K, 3 young (6144K), 2 survivors (4096K)
 Metaspace       used 25144K, committed 25536K, reserved 1114112K
  class space    used 3039K, committed 3200K, reserved 1048576K
}
Event: 1.807 GC heap after
{Heap after GC invocations=6 (full 0):
 garbage-first heap   total 57344K, used 12249K [0x0000000700e00000, 0x0000000800000000)
  region size 2048K, 1 young (2048K), 1 survivors (2048K)
 Metaspace       used 25144K, committed 25536K, reserved 1114112K
  class space    used 3039K, committed 3200K, reserved 1048576K
}
Event: 2.028 GC heap before
{Heap before GC invocations=6 (full 0):
 garbage-first heap   total 57344K, used 36825K [0x0000000700e00000, 0x0000000800000000)
  region size 2048K, 14 young (28672K), 1 survivors (2048K)
 Metaspace       used 28223K, committed 28608K, reserved 1114112K
  class space    used 3406K, committed 3584K, reserved 1048576K
}
Event: 2.031 GC heap after
{Heap after GC invocations=7 (full 0):
 garbage-first heap   total 159744K, used 13691K [0x0000000700e00000, 0x0000000800000000)
  region size 2048K, 1 young (2048K), 1 survivors (2048K)
 Metaspace       used 28223K, committed 28608K, reserved 1114112K
  class space    used 3406K, committed 3584K, reserved 1048576K
}
Event: 2.513 GC heap before
{Heap before GC invocations=7 (full 0):
 garbage-first heap   total 159744K, used 75131K [0x0000000700e00000, 0x0000000800000000)
  region size 2048K, 33 young (67584K), 1 survivors (2048K)
 Metaspace       used 35475K, committed 35968K, reserved 1114112K
  class space    used 4239K, committed 4480K, reserved 1048576K
}
Event: 2.517 GC heap after
{Heap after GC invocations=8 (full 0):
 garbage-first heap   total 159744K, used 17126K [0x0000000700e00000, 0x0000000800000000)
  region size 2048K, 3 young (6144K), 3 survivors (6144K)
 Metaspace       used 35475K, committed 35968K, reserved 1114112K
  class space    used 4239K, committed 4480K, reserved 1048576K
}
Event: 2.923 GC heap before
{Heap before GC invocations=9 (full 0):
 garbage-first heap   total 69632K, used 51942K [0x0000000700e00000, 0x0000000800000000)
  region size 2048K, 20 young (40960K), 3 survivors (6144K)
 Metaspace       used 38926K, committed 39424K, reserved 1114112K
  class space    used 4692K, committed 4928K, reserved 1048576K
}
Event: 2.926 GC heap after
{Heap after GC invocations=10 (full 0):
 garbage-first heap   total 69632K, used 18795K [0x0000000700e00000, 0x0000000800000000)
  region size 2048K, 1 young (2048K), 1 survivors (2048K)
 Metaspace       used 38926K, committed 39424K, reserved 1114112K
  class space    used 4692K, committed 4928K, reserved 1048576K
}
Event: 3.736 GC heap before
{Heap before GC invocations=10 (full 0):
 garbage-first heap   total 69632K, used 20843K [0x0000000700e00000, 0x0000000800000000)
  region size 2048K, 2 young (4096K), 1 survivors (2048K)
 Metaspace       used 38970K, committed 39488K, reserved 1114112K
  class space    used 4692K, committed 4928K, reserved 1048576K
}
Event: 3.742 GC heap after
{Heap after GC invocations=11 (full 0):
 garbage-first heap   total 69632K, used 18337K [0x0000000700e00000, 0x0000000800000000)
  region size 2048K, 1 young (2048K), 1 survivors (2048K)
 Metaspace       used 38970K, committed 39488K, reserved 1114112K
  class space    used 4692K, committed 4928K, reserved 1048576K
}

